<?xml version="1.0" encoding="UTF-8"?>
<!-- Generated by org.testng.reporters.JUnitReportReporter -->
<testsuite hostname="DESKTOP-A3HVP4N" failures="0" tests="3" name="tests.LoginTests" time="85.787" errors="0" timestamp="2022-07-27T21:15:36 TRT" skipped="0">
  <testcase classname="tests.LoginTests" name="loginAndDeleteAccountTest" time="19.847"/>
  <system-out/>
  <testcase classname="tests.LoginTests" name="LoginUserWithIncorrectEmailAndPasswordTest" time="40.161"/>
  <system-out/>
  <testcase classname="tests.LoginTests" name="LogoutUserTest" time="25.779"/>
  <system-out/>
</testsuite> <!-- tests.LoginTests -->
